<?xml version="1.0" encoding="UTF-8"?>
<testsuite name="JUnit Jupiter" tests="1" skipped="0" failures="0" errors="0" time="0.039" hostname="DESKTOP-U0HINQT" timestamp="2018-04-04T13:27:01">
<properties>
[...]
</properties>
<testcase name="testPhoneValidation(TestInfo)" classname="validation.ValidatorTest" time="0.009">
<system-out><![CDATA[
unique-id: [engine:junit-jupiter]/[class:validation.ValidatorTest]/[method:testPhoneValidation(org.junit.jupiter.api.TestInfo)]
display-name: Testing phone validator
]]></system-out>
</testcase>
<system-out><![CDATA[
unique-id: [engine:junit-jupiter]
display-name: JUnit Jupiter
]]></system-out>
</testsuite>
